2025-11-09 15:14:05,376 - INFO - GenRLMechSyn 训练开始 - run_20251109_151405
2025-11-09 15:14:05,384 - INFO - --- 成功加载配置文件 ---
2025-11-09 15:14:05,384 - INFO - 路径: /home/XZH/projects/GenRLMechSyn/configs/default_config.yaml
2025-11-09 15:14:05,384 - INFO - 项目名称: GenRLMechSyn
2025-11-09 15:14:05,414 - INFO - --- 所有随机数种子已固定为: 42 ---
2025-11-09 15:14:05,414 - INFO - --- PyTorch CUDNN 已设置为确定性模式 (可能影响性能) ---
2025-11-09 15:14:05,414 - INFO - --- 正在初始化训练流程 ---
2025-11-09 15:14:05,414 - INFO - 训练将在 NVIDIA CUDA GPU 上运行。
2025-11-09 15:14:08,045 - INFO - --- 正在初始化所有模块... ---
2025-11-09 15:14:09,930 - INFO - DiffusionTransformer (DiT) 模型已初始化 (输入通道: 5):
2025-11-09 15:14:09,930 - INFO -   Embed Dim: 768, Depth: 12, Heads: 12
2025-11-09 15:14:09,930 - INFO -   Image: 6x6, Patch: 2, Patches: 9
2025-11-09 15:14:09,930 - INFO -   Normalization values (a, alpha, offset): [20.0, 1.5707999467849731, 20.0]
2025-11-09 15:14:10,658 - INFO - --- 强化学习 (RL) 智能体已初始化 (奖励预测模型) ---
2025-11-09 15:14:10,658 - INFO -   RL Model Depth: 4
2025-11-09 15:14:11,787 - INFO - --- 未指定或加载检查点失败, 所有模块使用随机初始化权重 ---
2025-11-09 15:14:11,787 - INFO - 正在加载 Replay Buffer (来自 augmented_dataset)...
2025-11-09 15:14:11,787 - INFO - 信息: augmented_manifest.json 不存在, Replay Buffer 为空。
2025-11-09 15:14:11,787 - INFO - --- 训练流程已准备就绪 ---
2025-11-09 15:14:11,788 - INFO -   RL 引导: True
2025-11-09 15:14:11,788 - INFO -   数据增强: False
2025-11-09 15:14:11,788 - INFO - --- 训练流程开始 ---
2025-11-09 15:14:11,788 - INFO - [检测到] DiT 使用随机初始化权重, 将进行预热训练...
2025-11-09 15:14:11,788 - INFO - --- DiT 预热阶段: 在初始数据集上训练 50 轮 ---
2025-11-09 15:14:11,788 - WARNING - [警告] 初始数据集为空, 跳过预热阶段。
2025-11-09 15:14:11,788 - INFO - [检测到] RL 引导已启用, 但 Replay Buffer 为空. 将进行 RL 预热...
2025-11-09 15:14:11,788 - INFO - --- RL 智能体预热阶段: 在初始数据集上训练 50 轮 ---
2025-11-09 15:14:11,788 - WARNING - [警告] 初始数据集为空, 跳过 RL 预热。
2025-11-09 15:14:11,788 - INFO - --- 开始总共 300 轮的训练循环 ---
2025-11-09 15:14:11,788 - INFO - ===== [ 完整循环 1/300 ] =====
2025-11-09 15:14:11,788 - INFO - 

2025-11-09 15:14:11,788 - INFO - --- 步骤 1 & 2: 生成, 评估, 扩充 ---
2025-11-09 15:14:11,789 - INFO - RL 引导已启用。
2025-11-09 15:14:11,789 - INFO - 正在生成 50 个目标标签为 'bennett' 的机构...
2025-11-09 15:14:11,789 - INFO - 开始采样 50 个新机构 (格式: [exists, joint_type, a, alpha, offset])...
2025-11-09 15:14:15,903 - WARNING - 

--- 训练被用户手动中断 ---
2025-11-09 15:14:15,903 - WARNING - 程序已停止。
